#
# There is insufficient memory for the Java Runtime Environment to continue.
# Native memory allocation (mmap) failed to map 268435456 bytes for G1 virtual space
# Possible reasons:
#   The system is out of physical RAM or swap space
#   The process is running with CompressedOops enabled, and the Java Heap may be blocking the growth of the native heap
# Possible solutions:
#   Reduce memory load on the system
#   Increase physical memory or swap space
#   Check if swap backing store is full
#   Decrease Java heap size (-Xmx/-Xms)
#   Decrease number of Java threads
#   Decrease Java thread stack sizes (-Xss)
#   Set larger code cache with -XX:ReservedCodeCacheSize=
#   JVM is running with Zero Based Compressed Oops mode in which the Java heap is
#     placed in the first 32GB address space. The Java Heap base address is the
#     maximum limit for the native heap growth. Please use -XX:HeapBaseMinAddress
#     to set the Java Heap base and to place the Java Heap above 32GB virtual address.
# This output file may be truncated or incomplete.
#
#  Out of Memory Error (os_windows.cpp:3753), pid=12620, tid=1460
#
# JRE version:  (17.0.4+7) (build )
# Java VM: OpenJDK 64-Bit Server VM (17.0.4+7-b469.53, mixed mode, sharing, tiered, compressed oops, compressed class ptrs, g1 gc, windows-amd64)
# No core dump will be written. Minidumps are not enabled by default on client versions of Windows
#

---------------  S U M M A R Y ------------

Command Line: git4idea.http.GitAskPassApp Username for 'https://gitlab.istic.univ-rennes1.fr': 

Host: Intel(R) Core(TM) i7-8550U CPU @ 1.80GHz, 8 cores, 15G,  Windows 11 , 64 bit Build 22000 (10.0.22000.708)
Time: Mon Oct 10 22:12:03 2022 Paris, Madrid (heure duild 22000 (10.0.22000.708) elapsed time: 0.013108 seconds (0d 0h 0m 0s)

---------------  T H R E A D  ---------------

Current thread (0x000001ddecdc65d0):  JavaThread "Unknown thread" [_thread_in_vm, id=1460, stack(0x0000001985c00000,0x0000001985d00000)]

Stack: [0x0000001985c00000,0x0000001985d00000]
Native frames: (J=compiled Java code, j=interpreted, Vv=VM code, C=native code)
V  [jvm.dll+0x68348a]
V  [jvm.dll+0x83faf4]
V  [jvm.dll+0x84129e]
V  [jvm.dll+0x841903]
V  [jvm.dll+0x2494a5]
V  [jvm.dll+0x680359]
V  [jvm.dll+0x67499a]
V  [jvm.dll+0x3092db]
V  [jvm.dll+0x310796]
V  [jvm.dll+0x36077e]
V  [jvm.dll+0x3609af]
V  [jvm.dll+0x2df3c8]
V  [jvm.dll+0x2e0334]
V  [jvm.dll+0x8112e1]
V  [jvm.dll+0x36e5d1]
V  [jvm.dll+0x7f06bc]
V  [jvm.dll+0x3f16ef]
V  [jvm.dll+0x3f3231]
C  [jli.dll+0x526b]
C  [ucrtbase.dll+0x26c0c]
C  [KERNEL32.DLL+0x154e0]
C  [ntdll.dll+0x485b]


---------------  P R O C E S S  ---------------

Threads class SMR info:
_java_thread_list=0x00007ffefb777f18, length=0, elements={
}

Java Threads: ( => current thread )

Other Threads:
  0x000001ddece316c0 GCTaskThread "GC Thread#0" [stack: 0x0000001985d00000,0x0000001985e00000] [id=956]
  0x000001ddece42350 ConcurrentGCThread "G1 Main Marker" [stack: 0x0000001985e00000,0x0000001985f00000] [id=12000]
  0x000001ddece42dd0 ConcurrentGCThread "G1 Conc#0" [stack: 0x0000001985f00000,0x0000001986000000] [id=9492]

[error occurred during error reporting (printing all threads), id 0xc0000005, EXCEPTION_ACCESS_VIOLATION (0xc0000005) at pc=0x00007ffefaf2ff87]

VM state: not at safepoint (not fully initialized)

VM Mutex/Monitor currently owned by a thread:  ([mutex/lock_event])
[0x000001ddecdc5a20] Heap_lock - owner thread: 0x000001ddecdc65d0

Heap address: 0x0000000701c00000, size: 4068 MB, Compressed Oops mode: Zero based, Oop shift amount: 3

CDS archive(s) mapped at: [0x0000000000000000-0x0000000000000000-0x0000000000000000), size 0, SharedBaseAddress: 0x0000000800000000, ArchiveRelocationMode: 0.
Narrow klass base: 0x0000000000000000, Narrow klass shift: 0, Narrow klass range: 0x0

GC Precious Log:
<Empty>

Heap:
 garbage-first heap   total 0K, used 0K [0x0000000701c00000, 0x0000000800000000)
  region size 2048K, 0 young (0K), 0 survivors (0K)

[error occurred during error reporting (printing heap information), id 0xc0000005, EXCEPTION_ACCESS_VIOLATION (0xc0000005) at pc=0x00007ffefb31d119]

GC Heap History (0 events):
No events

Deoptimization events (0 events):
No events

Classes unloaded (0 events):
No events

Classes redefined (0 events):
No events

Internal exceptions (0 events):
No events

VM Operations (0 events):
No events

Events (1 events):
Event: 0.007 Loaded shared library C:\Users\diman\AppData\Local\JetBrains\Toolbox\apps\IDEA-U\ch-0\222.4167.29\jbr\bin\java.dll


Dynamic libraries:
0x00007ff78bb30000 - 0x00007ff78bb3a000 	C:\Users\diman\AppData\Local\JetBrains\Toolbox\apps\IDEA-U\ch-0\222.4167.29\jbr\bin\java.exe
0x00007fff49700000 - 0x00007fff49909000 	C:\WINDOWS\SYSTEM32\ntdll.dll
0x00007fff480b0000 - 0x00007fff4816d000 	C:\WINDOWS\System32\KERNEL32.DLL
0x00007fff46be0000 - 0x00007fff46f5c000 	C:\WINDOWS\System32\KERNELBASE.dll
0x00007fff46f60000 - 0x00007fff47071000 	C:\WINDOWS\System32\ucrtbase.dll
0x00007fff2d3a0000 - 0x00007fff2d3bb000 	C:\Users\diman\AppData\Local\JetBrains\Toolbox\apps\IDEA-U\ch-0\222.4167.29\jbr\bin\VCRUNTIME140.dll
0x00007fff2d3c0000 - 0x00007fff2d3d7000 	C:\Users\diman\AppData\Local\JetBrains\Toolbox\apps\IDEA-U\ch-0\222.4167.29\jbr\bin\jli.dll
0x00007fff48170000 - 0x00007fff4831d000 	C:\WINDOWS\System32\USER32.dll
0x00007fff47120000 - 0x00007fff47146000 	C:\WINDOWS\System32\win32u.dll
0x00007fff2f730000 - 0x00007fff2f9d5000 	C:\WINDOWS\WinSxS\amd64_microsoft.windows.common-controls_6595b64144ccf1df_6.0.22000.120_none_9d947278b86cc467\COMCTL32.dll
0x00007fff47590000 - 0x00007fff47633000 	C:\WINDOWS\System32\msvcrt.dll
0x00007fff48fb0000 - 0x00007fff48fd9000 	C:\WINDOWS\System32\GDI32.dll
0x00007fff472c0000 - 0x00007fff473d9000 	C:\WINDOWS\System32\gdi32full.dll
0x00007fff47080000 - 0x00007fff4711d000 	C:\WINDOWS\System32\msvcp_win.dll
0x00007fff48070000 - 0x00007fff480a1000 	C:\WINDOWS\System32\IMM32.DLL
0x00007fff35580000 - 0x00007fff3558c000 	C:\Users\diman\AppData\Local\JetBrains\Toolbox\apps\IDEA-U\ch-0\222.4167.29\jbr\bin\vcruntime140_1.dll
0x00007fff01200000 - 0x00007fff0128d000 	C:\Users\diman\AppData\Local\JetBrains\Toolbox\apps\IDEA-U\ch-0\222.4167.29\jbr\bin\msvcp140.dll
0x00007ffefac40000 - 0x00007ffefb8a9000 	C:\Users\diman\AppData\Local\JetBrains\Toolbox\apps\IDEA-U\ch-0\222.4167.29\jbr\bin\server\jvm.dll
0x00007fff49080000 - 0x00007fff4912e000 	C:\WINDOWS\System32\ADVAPI32.dll
0x00007fff48fe0000 - 0x00007fff4907e000 	C:\WINDOWS\System32\sechost.dll
0x00007fff47d30000 - 0x00007fff47e50000 	C:\WINDOWS\System32\RPCRT4.dll
0x00007fff48780000 - 0x00007fff48788000 	C:\WINDOWS\System32\PSAPI.DLL
0x00007fff40e80000 - 0x00007fff40e89000 	C:\WINDOWS\SYSTEM32\WSOCK32.dll
0x00007fff3e750000 - 0x00007fff3e75a000 	C:\WINDOWS\SYSTEM32\VERSION.dll
0x00007fff412b0000 - 0x00007fff412e3000 	C:\WINDOWS\SYSTEM32\WINMM.dll
0x00007fff486f0000 - 0x00007fff4875f000 	C:\WINDOWS\System32\WS2_32.dll
0x00007fff45cd0000 - 0x00007fff45ce8000 	C:\WINDOWS\SYSTEM32\kernel.appcore.dll
0x00007fff41340000 - 0x00007fff4134a000 	C:\Users\diman\AppData\Local\JetBrains\Toolbox\apps\IDEA-U\ch-0\222.4167.29\jbr\bin\jimage.dll
0x00007fff44750000 - 0x00007fff44971000 	C:\WINDOWS\SYSTEM32\DBGHELP.DLL
0x00007fff3f320000 - 0x00007fff3f351000 	C:\WINDOWS\SYSTEM32\dbgcore.DLL
0x00007fff47450000 - 0x00007fff474cf000 	C:\WINDOWS\System32\bcryptPrimitives.dll
0x00007fff343c0000 - 0x00007fff343e5000 	C:\Users\diman\AppData\Local\JetBrains\Toolbox\apps\IDEA-U\ch-0\222.4167.29\jbr\bin\java.dll

dbghelp: loaded successfully - version: 4.0.5 - missing functions: none
symbol engine: initialized successfully - sym options: 0x614 - pdb path: .;C:\Users\diman\AppData\Local\JetBrains\Toolbox\apps\IDEA-U\ch-0\222.4167.29\jbr\bin;C:\WINDOWS\SYSTEM32;C:\WINDOWS\WinSxS\amd64_microsoft.windows.common-controls_6595b64144ccf1df_6.0.22000.120_none_9d947278b86cc467;C:\Users\diman\AppData\Local\JetBrains\Toolbox\apps\IDEA-U\ch-0\222.4167.29\jbr\bin\server

VM Arguments:
java_command: git4idea.http.GitAskPassApp Username for 'https://gitlab.istic.univ-rennes1.fr': 
java_class_path (initial): C:/Users/diman/AppData/Local/JetBrains/Toolbox/apps/IDEA-U/ch-0/222.4167.29/plugins/git4idea/lib/git4idea-rt.jar;C:/Users/diman/AppData/Local/JetBrains/Toolbox/apps/IDEA-U/ch-0/222.4167.29/lib/externalProcess-rt.jar;C:/Users/diman/AppData/Local/JetBrains/Toolbox/apps/IDEA-U/ch-0/222.4167.29/lib/app.jar;C:/Users/diman/AppData/Local/JetBrains/Toolbox/apps/IDEA-U/ch-0/222.4167.29/lib/3rd-party-rt.jar
Launcher Type: SUN_STANDARD

[Global flags]
     intx CICompilerCount                          = 4                                         {product} {ergonomic}
     uint ConcGCThreads                            = 2                                         {product} {ergonomic}
     uint G1ConcRefinementThreads                  = 8                                         {product} {ergonomic}
   size_t G1HeapRegionSize                         = 2097152                                   {product} {ergonomic}
    uintx GCDrainStackTargetSize                   = 64                                        {product} {ergonomic}
   size_t InitialHeapSize                          = 268435456                                 {product} {ergonomic}
   size_t MarkStackSize                            = 4194304                                   {product} {ergonomic}
   size_t MaxHeapSize                              = 4265607168                                {product} {ergonomic}
   size_t MinHeapDeltaBytes                        = 2097152                                   {product} {ergonomic}
   size_t MinHeapSize                              = 8388608                                   {product} {ergonomic}
    uintx NonNMethodCodeHeapSize                   = 5839372                                {pd product} {ergonomic}
    uintx NonProfiledCodeHeapSize                  = 122909434                              {pd product} {ergonomic}
    uintx ProfiledCodeHeapSize                     = 122909434                              {pd product} {ergonomic}
    uintx ReservedCodeCacheSize                    = 251658240                              {pd product} {ergonomic}
     bool SegmentedCodeCache                       = true                                      {product} {ergonomic}
   size_t SoftMaxHeapSize                          = 4265607168                             {manageable} {ergonomic}
     bool UseCompressedClassPointers               = true                           {product lp64_product} {ergonomic}
     bool UseCompressedOops                        = true                           {product lp64_product} {ergonomic}
     bool UseG1GC                                  = true                                      {product} {ergonomic}
     bool UseLargePagesIndividualAllocation        = false                                  {pd product} {ergonomic}

Logging:
Log output configuration:
 #0: stdout all=warning uptime,level,tags
 #1: stderr all=off uptime,level,tags

Environment Variables:
JAVA_HOME=C:\Program Files\OpenJDK\jdk-11.0.16.8-hotspot\
PATH=D:\cmolinier\Logiciels\Git\mingw64\libexec\git-core;D:\cmolinier\Logiciels\Git\mingw64\libexec\git-core;D:\cmolinier\Logiciels\Git\mingw64\bin;D:\cmolinier\Logiciels\Git\usr\bin;C:\Users\diman\bin;C:\Program Files\OpenJDK\jdk-11.0.16.8-hotspot\bin;C:\Program Files\Common Files\Oracle\Java\javapath;C:\ProgramData\Oracle\Java\javapath;C:\Program Files (x86)\Intel\iCLS Client;C:\Program Files\Intel\iCLS Client;C:\WINDOWS\system32;C:\WINDOWS;C:\WINDOWS\System32\Wbem;C:\WINDOWS\System32\WindowsPowerShell\v1.0;C:\WINDOWS\System32\OpenSSH;C:\Program Files (x86)\Intel\Intel(R) Management Engine Components\DAL;C:\Program Files\Intel\Intel(R) Management Engine Components\DAL;C:\Program Files (x86)\Intel\Intel(R) Management Engine Components\IPT;C:\Program Files\Intel\Intel(R) Management Engine Components\IPT;C:\Program Files (x86)\Windows Live\Shared;D:\cmolinier\Logiciels\Git\cmd;D:\cmolinier\Logiciels\apache-maven-3.8.6-bin\apache-maven-3.8.6\bin;C:\Users\diman\AppData\Local\Microsoft\WindowsApps;D:\cmolinier\Logiciels\Microsoft VS Code\bin;C:\Users\diman\AppData\Local\JetBrains\Toolbox\scripts
USERNAME=diman
DISPLAY=:0.0
LC_ALL=en_US.UTF-8
TERM=xterm-256color
TMPDIR=C:\Users\diman\AppData\Local\Temp
OS=Windows_NT
PROCESSOR_IDENTIFIER=Intel64 Family 6 Model 142 Stepping 10, GenuineIntel
TMP=C:\Users\diman\AppData\Local\Temp
TEMP=C:\Users\diman\AppData\Local\Temp



---------------  S Y S T E M  ---------------

OS:
 Windows 11 , 64 bit Build 22000 (10.0.22000.708)
OS uptime: 6 days 0:18 hours

CPU: total 8 (initial active 8) (4 cores per cpu, 2 threads per core) family 6 model 142 stepping 10 microcode 0xe0, cx8, cmov, fxsr, ht, mmx, 3dnowpref, sse, sse2, sse3, ssse3, sse4.1, sse4.2, popcnt, lzcnt, tsc, tscinvbit, avx, avx2, aes, erms, clmul, bmi1, bmi2, adx, fma, vzeroupper, clflush, clflushopt

Memory: 4k page, system-wide physical 16266M (4098M free)
TotalPageFile size 26577M (AvailPageFile size 128M)
current process WorkingSet (physical memory assigned to process): 10M, peak: 10M
current process commit charge ("private bytes"): 60M, peak: 316M

vm_info: OpenJDK 64-Bit Server VM (17.0.4+7-b469.53) for windows-amd64 JRE (17.0.4+7-b469.53), built on 2022-08-29 by "builduser" with MS VC++ 16.10 / 16.11 (VS2019)

END.
